MIG: 16:00:08 : Running customizer.xit
MIG: 16:00:08 : ################# RUNNING MIG INTERACTIVE ###################
MIG: 16:00:08 : Writing IN file for 'mig_7series_0'...compDirPath: /opt/Xilinx/Vivado/2017.2/data/ip/xilinx/mig_7series_v4_0... instDirPath: /home/miura/.Xil/Vivado-26800-ffx/coregen/mig_7series_0
MIG: 16:00:08 : synp_flow:  -- synthesis_mode: Other
MIG: 16:00:08 : outputDirectory: /home/miura/.Xil/Vivado-26800-ffx/coregen/mig_7series_0/_tmp/
MIG: 16:00:08 : vivado_mode: xpg_pa
MIG: 16:00:08 :  locked false  
MIG: 16:00:08 : HDL Language: Verilog
MIG: 16:00:08 : compInfo: true
MIG: 16:00:08 : relative mig path: coregen/ip/xilinx/other/com/xilinx/ip/mig_7series_v4_0/bin/lin64/mig
MIG: 16:00:08 : xilinx_path: /opt/Xilinx/Vivado/2017.2/ids_lite/ISE
MIG: 16:00:08 : I am in catch area
MIG: 16:00:08 : Running /opt/Xilinx/Vivado/2017.2/ids_lite/ISE/coregen/ip/xilinx/other/com/xilinx/ip/mig_7series_v4_0/bin/lin64/mig -cg_exc_inp /home/miura/.Xil/Vivado-26800-ffx/coregen/mig_7series_0/xil_txt.in -cg_exc_out /home/miura/.Xil/Vivado-26800-ffx/coregen/mig_7series_0/xil_txt.out ... 
MIG: 16:01:58 : Prasad before: xmlPropertyPrj --  .prj
MIG: 16:01:58 : Prasad After: xmlPropertyPrj -- mig_a.prj
MIG: 16:01:58 : XML_INPUT_FILE: /home/miura/.Xil/Vivado-26800-ffx/coregen/mig_7series_0/mig_a.prj
MIG: 16:01:58 : Component_Name: mig_7series_0
MIG: 16:01:58 : Moving mig_7series_0.veo ...
MIG: 16:01:58 : Moving mig_7series_0 ...
MIG: 16:01:58 : Moving mig_7series_0_xmdf.tcl ...
MIG: 16:01:58 : Sending back 0
MIG: 16:02:01 : xml_input_file: mig_a.prj
MIG: 16:02:01 : Absolute path of xml_input_file: /home/miura/RISCV/MikuRV/Vivado-proj/ArtyA7/v0.4.3x/v0.4.3x.srcs/sources_1/ip/mig_7series_0/mig_a.prj
MIG: 16:02:01 : xml_input_file: mig_a.prj
MIG: 16:02:01 : Absolute path of xml_input_file: /home/miura/RISCV/MikuRV/Vivado-proj/ArtyA7/v0.4.3x/v0.4.3x.srcs/sources_1/ip/mig_7series_0/mig_a.prj
MIG: 16:02:01 : In updateAllModelParams
MIG: 16:02:01 : IGN:     <ModuleName>mig_7series_0</ModuleName> <==>     <ModuleName>mig_7series_0</ModuleName> 
MIG: 16:02:01 : IGN:         <InputClkFreq>199.995</InputClkFreq> <==>         <InputClkFreq>199.995</InputClkFreq> 
MIG: 16:02:01 : XGUI hdlLanguage: Verilog
MIG: 16:02:01 : xgui vivado_mode: xpg_pa
MIG: 16:02:01 : xgui hdlLanguage: Verilog -- hdlExt: v
MIG: 16:02:01 : Reading /home/miura/RISCV/MikuRV/Vivado-proj/ArtyA7/v0.4.3x/v0.4.3x.srcs/sources_1/ip/mig_7series_0/mig_7series_0/user_design/rtl/mig_7series_0_mig.v ...
MIG: 16:02:02 : 1
MIG: 16:02:02 : Inside fn mem: DDR3
MIG: 16:02:02 : detect_uiclk: 81247969
MIG: 16:02:02 : cntrl:  memtype: DDR3
MIG: 16:02:02 : 649
MIG: 16:02:02 :  MMCM_VCO single ctrl param_name: MMCM_VCO --  possibleMaxVcoVal: 649 
MIG: 16:02:02 : 
MIG: 16:02:02 : 
MIG: 16:02:02 : 81247969
MIG: 16:02:02 : 
MIG: 16:02:02 :  polarity_value: 1
MIG: 16:02:02 : 
MIG: 16:02:02 : EXTERNAL
MIG: 16:02:02 : cntrl:  memtype: DDR3
MIG: 16:02:02 : 
MIG: 16:02:02 :  Valid Param: DDR3_BANK_WIDTH ==> 3
MIG: 16:02:02 : 
MIG: 16:02:02 :  Valid Param: DDR3_CK_WIDTH ==> 1
MIG: 16:02:02 :  Invalid Param: DDR3_COL_WIDTH ==> 10
MIG: 16:02:02 : 
MIG: 16:02:02 :  Valid Param: DDR3_CS_WIDTH ==> 1
MIG: 16:02:02 : 
MIG: 16:02:02 :  Valid Param: DDR3_nCS_PER_RANK ==> 1
MIG: 16:02:02 : 
MIG: 16:02:02 :  Valid Param: DDR3_CKE_WIDTH ==> 1
MIG: 16:02:02 :  Invalid Param: DDR3_DATA_BUF_ADDR_WIDTH ==> 5
MIG: 16:02:02 :  Invalid Param: DDR3_DQ_CNT_WIDTH ==> 4
MIG: 16:02:02 :  Invalid Param: DDR3_DQ_PER_DM ==> 8
MIG: 16:02:02 : 2
MIG: 16:02:02 :  Valid Param: DDR3_DM_WIDTH ==> 2
MIG: 16:02:02 : 16
MIG: 16:02:02 :  Valid Param: DDR3_DQ_WIDTH ==> 16
MIG: 16:02:02 : 2
MIG: 16:02:02 :  Valid Param: DDR3_DQS_WIDTH ==> 2
MIG: 16:02:02 : 
MIG: 16:02:02 :  Valid Param: DDR3_DQS_CNT_WIDTH ==> 1
MIG: 16:02:02 :  Invalid Param: DDR3_DRAM_WIDTH ==> 8
MIG: 16:02:02 : 
MIG: 16:02:02 :  Valid Param: ECC ==> OFF
MIG: 16:02:02 : 16
MIG: 16:02:02 :  Valid Param: DDR3_DATA_WIDTH ==> 16
MIG: 16:02:02 :  Invalid Param: ECC_TEST ==> "OFF"
MIG: 16:02:02 :  Invalid Param: DDR3_PAYLOAD_WIDTH ==> (ECC_TEST == "OFF") ? DATA_WIDTH : DQ_WIDTH
MIG: 16:02:02 :  Invalid Param: DDR3_MEM_ADDR_ORDER ==> "BANK_ROW_COLUMN"
MIG: 16:02:02 :  Invalid Param: DDR3_nBANK_MACHS ==> 4
MIG: 16:02:02 :  Invalid Param: DDR3_RANKS ==> 1
MIG: 16:02:02 : 
MIG: 16:02:02 :  Valid Param: DDR3_ODT_WIDTH ==> 1
MIG: 16:02:02 : 
MIG: 16:02:02 :  Valid Param: DDR3_ROW_WIDTH ==> 14
MIG: 16:02:02 : 28
MIG: 16:02:02 :  Valid Param: DDR3_ADDR_WIDTH ==> 28
MIG: 16:02:02 : 
MIG: 16:02:02 :  Valid Param: DDR3_USE_CS_PORT ==> 1
MIG: 16:02:02 : 
MIG: 16:02:02 :  Valid Param: DDR3_USE_DM_PORT ==> 1
MIG: 16:02:02 : 
MIG: 16:02:02 :  Valid Param: DDR3_USE_ODT_PORT ==> 1
MIG: 16:02:02 :  Invalid Param: DDR3_IS_CLK_SHARED ==> "FALSE"
MIG: 16:02:02 :  Invalid Param: DDR3_PHY_CONTROL_MASTER_BANK ==> 0
MIG: 16:02:02 :  Invalid Param: DDR3_MEM_DENSITY ==> "2Gb"
MIG: 16:02:02 :  Invalid Param: DDR3_MEM_SPEEDGRADE ==> "15E"
MIG: 16:02:02 :  Invalid Param: DDR3_MEM_DEVICE_WIDTH ==> 16
MIG: 16:02:02 :  Invalid Param: DDR3_AL ==> "0"
MIG: 16:02:02 :  Invalid Param: DDR3_nAL ==> 0
MIG: 16:02:02 :  Invalid Param: DDR3_BURST_MODE ==> "8"
MIG: 16:02:02 :  Invalid Param: DDR3_BURST_TYPE ==> "SEQ"
MIG: 16:02:02 :  Invalid Param: DDR3_CL ==> 5
MIG: 16:02:02 :  Invalid Param: DDR3_CWL ==> 5
MIG: 16:02:02 :  Invalid Param: DDR3_OUTPUT_DRV ==> "LOW"
MIG: 16:02:02 :  Invalid Param: DDR3_RTT_NOM ==> "40"
MIG: 16:02:02 :  Invalid Param: DDR3_RTT_WR ==> "OFF"
MIG: 16:02:02 :  Invalid Param: DDR3_ADDR_CMD_MODE ==> "1T"
MIG: 16:02:02 : 
MIG: 16:02:02 :  Valid Param: DDR3_REG_CTRL ==> OFF
MIG: 16:02:02 :  Invalid Param: DDR3_CA_MIRROR ==> "OFF"
MIG: 16:02:02 :  Invalid Param: DDR3_VDD_OP_VOLT ==> "135"
MIG: 16:02:02 :  Invalid Param: DDR3_CLKIN_PERIOD ==> 5000
MIG: 16:02:02 :  Invalid Param: DDR3_CLKFBOUT_MULT ==> 13
MIG: 16:02:02 :  Invalid Param: DDR3_DIVCLK_DIVIDE ==> 2
MIG: 16:02:02 :  Invalid Param: DDR3_CLKOUT0_PHASE ==> 0.0
MIG: 16:02:02 :  Invalid Param: DDR3_CLKOUT0_DIVIDE ==> 2
MIG: 16:02:02 :  Invalid Param: DDR3_CLKOUT1_DIVIDE ==> 4
MIG: 16:02:02 :  Invalid Param: DDR3_CLKOUT2_DIVIDE ==> 64
MIG: 16:02:02 :  Invalid Param: DDR3_CLKOUT3_DIVIDE ==> 16
MIG: 16:02:02 :  Invalid Param: DDR3_MMCM_VCO ==> 649
MIG: 16:02:02 :  Invalid Param: DDR3_MMCM_MULT_F ==> 8
MIG: 16:02:02 :  Invalid Param: DDR3_MMCM_DIVCLK_DIVIDE ==> 1
MIG: 16:02:02 :  Invalid Param: DDR3_tCKE ==> 5625
MIG: 16:02:02 :  Invalid Param: DDR3_tFAW ==> 45000
MIG: 16:02:02 :  Invalid Param: DDR3_tPRDI ==> 1_000_000
MIG: 16:02:02 :  Invalid Param: DDR3_tRAS ==> 36000
MIG: 16:02:02 :  Invalid Param: DDR3_tRCD ==> 13500
MIG: 16:02:02 :  Invalid Param: DDR3_tREFI ==> 7800000
MIG: 16:02:02 :  Invalid Param: DDR3_tRFC ==> 160000
MIG: 16:02:02 :  Invalid Param: DDR3_tRP ==> 13500
MIG: 16:02:02 :  Invalid Param: DDR3_tRRD ==> 7500
MIG: 16:02:02 :  Invalid Param: DDR3_tRTP ==> 7500
MIG: 16:02:02 :  Invalid Param: DDR3_tWTR ==> 7500
MIG: 16:02:02 :  Invalid Param: DDR3_tZQI ==> 128_000_000
MIG: 16:02:02 :  Invalid Param: DDR3_tZQCS ==> 64
MIG: 16:02:02 :  Invalid Param: DDR3_SIM_BYPASS_INIT_CAL ==> "OFF"
MIG: 16:02:02 :  Invalid Param: DDR3_SIMULATION ==> "FALSE"
MIG: 16:02:02 :  Invalid Param: DDR3_BYTE_LANES_B0 ==> 4'b1111
MIG: 16:02:02 :  Invalid Param: DDR3_BYTE_LANES_B1 ==> 4'b0000
MIG: 16:02:02 :  Invalid Param: DDR3_BYTE_LANES_B2 ==> 4'b0000
MIG: 16:02:02 :  Invalid Param: DDR3_BYTE_LANES_B3 ==> 4'b0000
MIG: 16:02:02 :  Invalid Param: DDR3_BYTE_LANES_B4 ==> 4'b0000
MIG: 16:02:02 :  Invalid Param: DDR3_DATA_CTL_B0 ==> 4'b1100
MIG: 16:02:02 :  Invalid Param: DDR3_DATA_CTL_B1 ==> 4'b0000
MIG: 16:02:02 :  Invalid Param: DDR3_DATA_CTL_B2 ==> 4'b0000
MIG: 16:02:02 :  Invalid Param: DDR3_DATA_CTL_B3 ==> 4'b0000
MIG: 16:02:02 :  Invalid Param: DDR3_DATA_CTL_B4 ==> 4'b0000
MIG: 16:02:02 :  Invalid Param: DDR3_PHY_0_BITLANES ==> 48'h3FE_3FE_FFF_BFF
MIG: 16:02:02 :  Invalid Param: DDR3_PHY_1_BITLANES ==> 48'h000_000_000_000
MIG: 16:02:02 :  Invalid Param: DDR3_PHY_2_BITLANES ==> 48'h000_000_000_000
MIG: 16:02:02 :  Invalid Param: DDR3_CK_BYTE_MAP ==> 144'h00_00_00_00_00_00_00_00_00_00_00_00_00_00_00_00_00_00
MIG: 16:02:02 :  Invalid Param: DDR3_ADDR_MAP ==> 192'h000_000_000_002_004_009_007_001_005_006_003_010_012_014_011_01A
MIG: 16:02:02 :  Invalid Param: DDR3_BANK_MAP ==> 36'h01B_017_013
MIG: 16:02:02 :  Invalid Param: DDR3_CAS_MAP ==> 12'h015
MIG: 16:02:02 :  Invalid Param: DDR3_CKE_ODT_BYTE_MAP ==> 8'h00
MIG: 16:02:02 :  Invalid Param: DDR3_CKE_MAP ==> 96'h000_000_000_000_000_000_000_019
MIG: 16:02:02 :  Invalid Param: DDR3_ODT_MAP ==> 96'h000_000_000_000_000_000_000_008
MIG: 16:02:02 :  Invalid Param: DDR3_CS_MAP ==> 120'h000_000_000_000_000_000_000_000_000_00B
MIG: 16:02:02 :  Invalid Param: DDR3_PARITY_MAP ==> 12'h000
MIG: 16:02:02 :  Invalid Param: DDR3_RAS_MAP ==> 12'h016
MIG: 16:02:02 :  Invalid Param: DDR3_WE_MAP ==> 12'h018
MIG: 16:02:03 :  Invalid Param: DDR3_DQS_BYTE_MAP ==> 144'h00_00_00_00_00_00_00_00_00_00_00_00_00_00_00_00_02_03
MIG: 16:02:03 :  Invalid Param: DDR3_DATA0_MAP ==> 96'h034_032_038_035_031_037_036_033
MIG: 16:02:03 :  Invalid Param: DDR3_DATA1_MAP ==> 96'h023_026_022_028_025_027_021_024
MIG: 16:02:03 :  Invalid Param: DDR3_DATA2_MAP ==> 96'h000_000_000_000_000_000_000_000
MIG: 16:02:03 :  Invalid Param: DDR3_DATA3_MAP ==> 96'h000_000_000_000_000_000_000_000
MIG: 16:02:03 :  Invalid Param: DDR3_DATA4_MAP ==> 96'h000_000_000_000_000_000_000_000
MIG: 16:02:03 :  Invalid Param: DDR3_DATA5_MAP ==> 96'h000_000_000_000_000_000_000_000
MIG: 16:02:03 :  Invalid Param: DDR3_DATA6_MAP ==> 96'h000_000_000_000_000_000_000_000
MIG: 16:02:03 :  Invalid Param: DDR3_DATA7_MAP ==> 96'h000_000_000_000_000_000_000_000
MIG: 16:02:03 :  Invalid Param: DDR3_DATA8_MAP ==> 96'h000_000_000_000_000_000_000_000
MIG: 16:02:03 :  Invalid Param: DDR3_DATA9_MAP ==> 96'h000_000_000_000_000_000_000_000
MIG: 16:02:03 :  Invalid Param: DDR3_DATA10_MAP ==> 96'h000_000_000_000_000_000_000_000
MIG: 16:02:03 :  Invalid Param: DDR3_DATA11_MAP ==> 96'h000_000_000_000_000_000_000_000
MIG: 16:02:03 :  Invalid Param: DDR3_DATA12_MAP ==> 96'h000_000_000_000_000_000_000_000
MIG: 16:02:03 :  Invalid Param: DDR3_DATA13_MAP ==> 96'h000_000_000_000_000_000_000_000
MIG: 16:02:03 :  Invalid Param: DDR3_DATA14_MAP ==> 96'h000_000_000_000_000_000_000_000
MIG: 16:02:03 :  Invalid Param: DDR3_DATA15_MAP ==> 96'h000_000_000_000_000_000_000_000
MIG: 16:02:03 :  Invalid Param: DDR3_DATA16_MAP ==> 96'h000_000_000_000_000_000_000_000
MIG: 16:02:03 :  Invalid Param: DDR3_DATA17_MAP ==> 96'h000_000_000_000_000_000_000_000
MIG: 16:02:03 :  Invalid Param: DDR3_MASK0_MAP ==> 108'h000_000_000_000_000_000_000_029_039
MIG: 16:02:03 :  Invalid Param: DDR3_MASK1_MAP ==> 108'h000_000_000_000_000_000_000_000_000
MIG: 16:02:03 :  Invalid Param: DDR3_SLOT_0_CONFIG ==> 8'b0000_0001
MIG: 16:02:03 :  Invalid Param: DDR3_SLOT_1_CONFIG ==> 8'b0000_0000
MIG: 16:02:03 :  Invalid Param: DDR3_IBUF_LPWR_MODE ==> "OFF"
MIG: 16:02:03 :  Invalid Param: DDR3_DATA_IO_IDLE_PWRDWN ==> "ON"
MIG: 16:02:03 :  Invalid Param: DDR3_BANK_TYPE ==> "HR_IO"
MIG: 16:02:03 :  Invalid Param: DDR3_DATA_IO_PRIM_TYPE ==> "HR_LP"
MIG: 16:02:03 :  Invalid Param: DDR3_CKE_ODT_AUX ==> "FALSE"
MIG: 16:02:03 :  Invalid Param: DDR3_USER_REFRESH ==> "OFF"
MIG: 16:02:03 :  Invalid Param: DDR3_WRLVL ==> "ON"
MIG: 16:02:03 :  Invalid Param: DDR3_ORDERING ==> "STRICT"
MIG: 16:02:03 :  Invalid Param: DDR3_CALIB_ROW_ADD ==> 16'h0000
MIG: 16:02:03 :  Invalid Param: DDR3_CALIB_COL_ADD ==> 12'h000
MIG: 16:02:03 :  Invalid Param: DDR3_CALIB_BA_ADD ==> 3'h0
MIG: 16:02:03 :  Invalid Param: DDR3_TCQ ==> 100
MIG: 16:02:03 :  Invalid Param: DDR3_IDELAY_ADJ ==> "OFF"
MIG: 16:02:03 :  Invalid Param: DDR3_FINE_PER_BIT ==> "OFF"
MIG: 16:02:03 :  Invalid Param: DDR3_CENTER_COMP_MODE ==> "OFF"
MIG: 16:02:03 :  Invalid Param: DDR3_PI_VAL_ADJ ==> "OFF"
MIG: 16:02:03 :  Invalid Param: DDR3_IODELAY_GRP0 ==> "MIG_7SERIES_0_IODELAY_MIG0"
MIG: 16:02:03 :  Invalid Param: DDR3_IODELAY_GRP1 ==> "MIG_7SERIES_0_IODELAY_MIG1"
MIG: 16:02:03 :  Invalid Param: DDR3_SYSCLK_TYPE ==> "NO_BUFFER"
MIG: 16:02:03 :  Invalid Param: DDR3_REFCLK_TYPE ==> "USE_SYSTEM_CLOCK"
MIG: 16:02:03 :  Invalid Param: DDR3_SYS_RST_PORT ==> "FALSE"
MIG: 16:02:03 :  Invalid Param: DDR3_FPGA_SPEED_GRADE ==> 1
MIG: 16:02:03 :  Invalid Param: DDR3_CMD_PIPE_PLUS1 ==> "ON"
MIG: 16:02:03 :  Invalid Param: DDR3_DRAM_TYPE ==> "DDR3"
MIG: 16:02:03 :  Invalid Param: DDR3_CAL_WIDTH ==> "HALF"
MIG: 16:02:03 :  Invalid Param: DDR3_STARVE_LIMIT ==> 2
MIG: 16:02:03 :  Invalid Param: DDR3_REF_CLK_MMCM_IODELAY_CTRL ==> "FALSE"
MIG: 16:02:03 :  Invalid Param: DDR3_REFCLK_FREQ ==> 200.0
MIG: 16:02:03 :  Invalid Param: DDR3_DIFF_TERM_REFCLK ==> "TRUE"
MIG: 16:02:03 :  Invalid Param: DDR3_tCK ==> 3077
MIG: 16:02:03 : 4
MIG: 16:02:03 :  Valid Param: DDR3_nCK_PER_CLK ==> 4
MIG: 16:02:03 :  Invalid Param: DDR3_DIFF_TERM_SYSCLK ==> "TRUE"
MIG: 16:02:03 : 
MIG: 16:02:03 :  Valid Param: DDR3_DEBUG_PORT ==> OFF
MIG: 16:02:03 : 
MIG: 16:02:03 :  Invalid Param: DDR3_TEMP_MON_CONTROL ==> "EXTERNAL"
MIG: 16:02:03 :  Invalid Param: DDR3_FPGA_VOLT_TYPE ==> "N"
MIG: 16:02:03 :  Invalid Param: DDR3_RST_ACT_LOW ==> 1
MIG: 16:02:03 : NOBUF
MIG: 16:02:03 : NONE
MIG: 16:02:03 : 
MIG: 16:02:03 : Same Interface
MIG: 16:02:10 : Running synthesis.xit
MIG: 16:02:10 : IGN:     <ModuleName>mig_7series_0</ModuleName> <==>     <ModuleName>mig_7series_0</ModuleName> 
MIG: 16:02:10 : IGN:         <InputClkFreq>199.995</InputClkFreq> <==>         <InputClkFreq>199.995</InputClkFreq> 
MIG: 16:02:10 : Running vlog_synth_rpr.xit
MIG: 16:02:10 : IGN:     <ModuleName>mig_7series_0</ModuleName> <==>     <ModuleName>mig_7series_0</ModuleName> 
MIG: 16:02:10 : IGN:         <InputClkFreq>199.995</InputClkFreq> <==>         <InputClkFreq>199.995</InputClkFreq> 
MIG: 16:02:10 : Running simulation.xit
MIG: 16:02:10 : IGN:     <ModuleName>mig_7series_0</ModuleName> <==>     <ModuleName>mig_7series_0</ModuleName> 
MIG: 16:02:10 : IGN:         <InputClkFreq>199.995</InputClkFreq> <==>         <InputClkFreq>199.995</InputClkFreq> 
MIG: 16:02:10 : Running vlog_sim_rpr.xit .. PRASAD DBG1
MIG: 16:02:10 : IGN:     <ModuleName>mig_7series_0</ModuleName> <==>     <ModuleName>mig_7series_0</ModuleName> 
MIG: 16:02:10 : IGN:         <InputClkFreq>199.995</InputClkFreq> <==>         <InputClkFreq>199.995</InputClkFreq> 
MIG: 16:02:10 : Running implementation.xit
MIG: 16:02:10 : IGN:     <ModuleName>mig_7series_0</ModuleName> <==>     <ModuleName>mig_7series_0</ModuleName> 
MIG: 16:02:10 : IGN:         <InputClkFreq>199.995</InputClkFreq> <==>         <InputClkFreq>199.995</InputClkFreq> 
MIG: 18:32:32 : xml_input_file: mig_a.prj
MIG: 18:32:32 : Absolute path of xml_input_file: /home/miura/RISCV/MikuRV/Vivado-proj/ArtyA7/v0.4.3x/v0.4.3x.srcs/sources_1/ip/mig_7series_0/mig_a.prj
MIG: 18:32:32 : xml_input_file: mig_a.prj
MIG: 18:32:32 : Absolute path of xml_input_file: /home/miura/RISCV/MikuRV/Vivado-proj/ArtyA7/v0.4.3x/v0.4.3x.srcs/sources_1/ip/mig_7series_0/mig_a.prj
MIG: 18:32:35 : Running customizer.xit
MIG: 18:32:35 : ################# RUNNING MIG INTERACTIVE ###################
MIG: 18:32:35 : Writing IN file for 'mig_7series_0'...compDirPath: /opt/Xilinx/Vivado/2017.2/data/ip/xilinx/mig_7series_v4_0... instDirPath: /home/miura/.Xil/Vivado-28860-ffx/coregen/mig_7series_0
MIG: 18:32:35 : synp_flow:  -- synthesis_mode: Other
MIG: 18:32:35 : outputDirectory: /home/miura/.Xil/Vivado-28860-ffx/coregen/mig_7series_0/_tmp/
MIG: 18:32:35 : vivado_mode: xpg_pa
MIG: 18:32:35 :  locked false  
MIG: 18:32:35 : HDL Language: Verilog
MIG: 18:32:35 : compInfo: false
MIG: 18:32:35 : Vivado Options xc7a35ti csg324 -1l
MIG: 18:32:35 : 1: xc7a35ti 2: csg324 3: -1l
MIG: 18:32:35 : relative mig path: coregen/ip/xilinx/other/com/xilinx/ip/mig_7series_v4_0/bin/lin64/mig
MIG: 18:32:35 : xilinx_path: /opt/Xilinx/Vivado/2017.2/ids_lite/ISE
MIG: 18:32:35 : I am in catch area
MIG: 18:32:35 : Running /opt/Xilinx/Vivado/2017.2/ids_lite/ISE/coregen/ip/xilinx/other/com/xilinx/ip/mig_7series_v4_0/bin/lin64/mig -cg_exc_inp /home/miura/.Xil/Vivado-28860-ffx/coregen/mig_7series_0/xil_txt.in -cg_exc_out /home/miura/.Xil/Vivado-28860-ffx/coregen/mig_7series_0/xil_txt.out ... 
MIG: 18:34:53 : Prasad before: xmlPropertyPrj -- mig_a.prj
MIG: 18:34:53 : Prasad After: xmlPropertyPrj -- mig_b.prj
MIG: 18:34:53 : XML_INPUT_FILE: /home/miura/.Xil/Vivado-28860-ffx/coregen/mig_7series_0/mig_b.prj
MIG: 18:34:53 : Component_Name: mig_7series_0
MIG: 18:34:53 : Moving mig_7series_0.veo ...
MIG: 18:34:53 : Moving mig_7series_0 ...
MIG: 18:34:53 : Moving mig_7series_0_xmdf.tcl ...
MIG: 18:34:53 : Sending back 0
MIG: 18:34:56 : xml_input_file: mig_b.prj
MIG: 18:34:56 : Absolute path of xml_input_file: /home/miura/RISCV/MikuRV/Vivado-proj/ArtyA7/v0.4.3x/v0.4.3x.srcs/sources_1/ip/mig_7series_0/mig_b.prj
MIG: 18:34:56 : xml_input_file: mig_b.prj
MIG: 18:34:56 : Absolute path of xml_input_file: /home/miura/RISCV/MikuRV/Vivado-proj/ArtyA7/v0.4.3x/v0.4.3x.srcs/sources_1/ip/mig_7series_0/mig_b.prj
MIG: 18:34:56 : In updateAllModelParams
MIG: 18:34:56 : IGN:     <ModuleName>mig_7series_0</ModuleName> <==>     <ModuleName>mig_7series_0</ModuleName> 
MIG: 18:34:56 : IGN:         <InputClkFreq>199.995</InputClkFreq> <==>         <InputClkFreq>199.995</InputClkFreq> 
MIG: 18:34:56 : XGUI hdlLanguage: Verilog
MIG: 18:34:56 : xgui vivado_mode: xpg_pa
MIG: 18:34:56 : xgui hdlLanguage: Verilog -- hdlExt: v
MIG: 18:34:56 : Reading /home/miura/RISCV/MikuRV/Vivado-proj/ArtyA7/v0.4.3x/v0.4.3x.srcs/sources_1/ip/mig_7series_0/mig_7series_0/user_design/rtl/mig_7series_0_mig.v ...
MIG: 18:34:58 : 
MIG: 18:34:58 : Inside fn mem: DDR3
MIG: 18:34:58 : detect_uiclk: 81247969
MIG: 18:34:58 : cntrl:  memtype: DDR3
MIG: 18:34:58 : 
MIG: 18:34:58 :  MMCM_VCO single ctrl param_name: MMCM_VCO --  possibleMaxVcoVal: 649 
MIG: 18:34:58 : 
MIG: 18:34:58 : 1
MIG: 18:34:58 : 
MIG: 18:34:58 : 
MIG: 18:34:58 :  polarity_value: 1
MIG: 18:34:58 : 
MIG: 18:34:58 : 
MIG: 18:34:58 : cntrl:  memtype: DDR3
MIG: 18:34:58 : 
MIG: 18:34:58 :  Valid Param: DDR3_BANK_WIDTH ==> 3
MIG: 18:34:58 : 
MIG: 18:34:58 :  Valid Param: DDR3_CK_WIDTH ==> 1
MIG: 18:34:58 :  Invalid Param: DDR3_COL_WIDTH ==> 10
MIG: 18:34:58 : 
MIG: 18:34:58 :  Valid Param: DDR3_CS_WIDTH ==> 1
MIG: 18:34:58 : 
MIG: 18:34:58 :  Valid Param: DDR3_nCS_PER_RANK ==> 1
MIG: 18:34:58 : 
MIG: 18:34:58 :  Valid Param: DDR3_CKE_WIDTH ==> 1
MIG: 18:34:58 :  Invalid Param: DDR3_DATA_BUF_ADDR_WIDTH ==> 5
MIG: 18:34:58 :  Invalid Param: DDR3_DQ_CNT_WIDTH ==> 4
MIG: 18:34:58 :  Invalid Param: DDR3_DQ_PER_DM ==> 8
MIG: 18:34:58 : 
MIG: 18:34:58 :  Valid Param: DDR3_DM_WIDTH ==> 2
MIG: 18:34:58 : 
MIG: 18:34:58 :  Valid Param: DDR3_DQ_WIDTH ==> 16
MIG: 18:34:58 : 
MIG: 18:34:58 :  Valid Param: DDR3_DQS_WIDTH ==> 2
MIG: 18:34:58 : 
MIG: 18:34:58 :  Valid Param: DDR3_DQS_CNT_WIDTH ==> 1
MIG: 18:34:58 :  Invalid Param: DDR3_DRAM_WIDTH ==> 8
MIG: 18:34:58 : 
MIG: 18:34:58 :  Valid Param: ECC ==> OFF
MIG: 18:34:58 : 
MIG: 18:34:58 :  Valid Param: DDR3_DATA_WIDTH ==> 16
MIG: 18:34:58 :  Invalid Param: ECC_TEST ==> "OFF"
MIG: 18:34:58 :  Invalid Param: DDR3_PAYLOAD_WIDTH ==> (ECC_TEST == "OFF") ? DATA_WIDTH : DQ_WIDTH
MIG: 18:34:58 :  Invalid Param: DDR3_MEM_ADDR_ORDER ==> "BANK_ROW_COLUMN"
MIG: 18:34:58 :  Invalid Param: DDR3_nBANK_MACHS ==> 4
MIG: 18:34:58 :  Invalid Param: DDR3_RANKS ==> 1
MIG: 18:34:58 : 
MIG: 18:34:58 :  Valid Param: DDR3_ODT_WIDTH ==> 1
MIG: 18:34:58 : 
MIG: 18:34:58 :  Valid Param: DDR3_ROW_WIDTH ==> 14
MIG: 18:34:58 : 
MIG: 18:34:58 :  Valid Param: DDR3_ADDR_WIDTH ==> 28
MIG: 18:34:58 : 
MIG: 18:34:58 :  Valid Param: DDR3_USE_CS_PORT ==> 1
MIG: 18:34:58 : 
MIG: 18:34:58 :  Valid Param: DDR3_USE_DM_PORT ==> 1
MIG: 18:34:58 : 
MIG: 18:34:58 :  Valid Param: DDR3_USE_ODT_PORT ==> 1
MIG: 18:34:58 :  Invalid Param: DDR3_IS_CLK_SHARED ==> "FALSE"
MIG: 18:34:58 :  Invalid Param: DDR3_PHY_CONTROL_MASTER_BANK ==> 0
MIG: 18:34:58 :  Invalid Param: DDR3_MEM_DENSITY ==> "2Gb"
MIG: 18:34:58 :  Invalid Param: DDR3_MEM_SPEEDGRADE ==> "15E"
MIG: 18:34:58 :  Invalid Param: DDR3_MEM_DEVICE_WIDTH ==> 16
MIG: 18:34:58 :  Invalid Param: DDR3_AL ==> "0"
MIG: 18:34:58 :  Invalid Param: DDR3_nAL ==> 0
MIG: 18:34:58 :  Invalid Param: DDR3_BURST_MODE ==> "8"
MIG: 18:34:58 :  Invalid Param: DDR3_BURST_TYPE ==> "SEQ"
MIG: 18:34:58 :  Invalid Param: DDR3_CL ==> 5
MIG: 18:34:58 :  Invalid Param: DDR3_CWL ==> 5
MIG: 18:34:58 :  Invalid Param: DDR3_OUTPUT_DRV ==> "LOW"
MIG: 18:34:58 :  Invalid Param: DDR3_RTT_NOM ==> "40"
MIG: 18:34:58 :  Invalid Param: DDR3_RTT_WR ==> "OFF"
MIG: 18:34:58 :  Invalid Param: DDR3_ADDR_CMD_MODE ==> "1T"
MIG: 18:34:58 : 
MIG: 18:34:58 :  Valid Param: DDR3_REG_CTRL ==> OFF
MIG: 18:34:58 :  Invalid Param: DDR3_CA_MIRROR ==> "OFF"
MIG: 18:34:58 :  Invalid Param: DDR3_VDD_OP_VOLT ==> "135"
MIG: 18:34:58 :  Invalid Param: DDR3_CLKIN_PERIOD ==> 5000
MIG: 18:34:58 :  Invalid Param: DDR3_CLKFBOUT_MULT ==> 13
MIG: 18:34:58 :  Invalid Param: DDR3_DIVCLK_DIVIDE ==> 2
MIG: 18:34:58 :  Invalid Param: DDR3_CLKOUT0_PHASE ==> 0.0
MIG: 18:34:58 :  Invalid Param: DDR3_CLKOUT0_DIVIDE ==> 2
MIG: 18:34:58 :  Invalid Param: DDR3_CLKOUT1_DIVIDE ==> 4
MIG: 18:34:58 :  Invalid Param: DDR3_CLKOUT2_DIVIDE ==> 64
MIG: 18:34:58 :  Invalid Param: DDR3_CLKOUT3_DIVIDE ==> 16
MIG: 18:34:58 :  Invalid Param: DDR3_MMCM_VCO ==> 649
MIG: 18:34:58 :  Invalid Param: DDR3_MMCM_MULT_F ==> 8
MIG: 18:34:58 :  Invalid Param: DDR3_MMCM_DIVCLK_DIVIDE ==> 1
MIG: 18:34:58 :  Invalid Param: DDR3_tCKE ==> 5625
MIG: 18:34:58 :  Invalid Param: DDR3_tFAW ==> 45000
MIG: 18:34:58 :  Invalid Param: DDR3_tPRDI ==> 1_000_000
MIG: 18:34:58 :  Invalid Param: DDR3_tRAS ==> 36000
MIG: 18:34:58 :  Invalid Param: DDR3_tRCD ==> 13500
MIG: 18:34:58 :  Invalid Param: DDR3_tREFI ==> 7800000
MIG: 18:34:58 :  Invalid Param: DDR3_tRFC ==> 160000
MIG: 18:34:58 :  Invalid Param: DDR3_tRP ==> 13500
MIG: 18:34:58 :  Invalid Param: DDR3_tRRD ==> 7500
MIG: 18:34:58 :  Invalid Param: DDR3_tRTP ==> 7500
MIG: 18:34:58 :  Invalid Param: DDR3_tWTR ==> 7500
MIG: 18:34:58 :  Invalid Param: DDR3_tZQI ==> 128_000_000
MIG: 18:34:58 :  Invalid Param: DDR3_tZQCS ==> 64
MIG: 18:34:58 :  Invalid Param: DDR3_SIM_BYPASS_INIT_CAL ==> "OFF"
MIG: 18:34:58 :  Invalid Param: DDR3_SIMULATION ==> "FALSE"
MIG: 18:34:58 :  Invalid Param: DDR3_BYTE_LANES_B0 ==> 4'b1111
MIG: 18:34:58 :  Invalid Param: DDR3_BYTE_LANES_B1 ==> 4'b0000
MIG: 18:34:58 :  Invalid Param: DDR3_BYTE_LANES_B2 ==> 4'b0000
MIG: 18:34:58 :  Invalid Param: DDR3_BYTE_LANES_B3 ==> 4'b0000
MIG: 18:34:58 :  Invalid Param: DDR3_BYTE_LANES_B4 ==> 4'b0000
MIG: 18:34:58 :  Invalid Param: DDR3_DATA_CTL_B0 ==> 4'b1100
MIG: 18:34:58 :  Invalid Param: DDR3_DATA_CTL_B1 ==> 4'b0000
MIG: 18:34:58 :  Invalid Param: DDR3_DATA_CTL_B2 ==> 4'b0000
MIG: 18:34:58 :  Invalid Param: DDR3_DATA_CTL_B3 ==> 4'b0000
MIG: 18:34:58 :  Invalid Param: DDR3_DATA_CTL_B4 ==> 4'b0000
MIG: 18:34:58 :  Invalid Param: DDR3_PHY_0_BITLANES ==> 48'h3FE_3FE_FFF_BFF
MIG: 18:34:58 :  Invalid Param: DDR3_PHY_1_BITLANES ==> 48'h000_000_000_000
MIG: 18:34:58 :  Invalid Param: DDR3_PHY_2_BITLANES ==> 48'h000_000_000_000
MIG: 18:34:58 :  Invalid Param: DDR3_CK_BYTE_MAP ==> 144'h00_00_00_00_00_00_00_00_00_00_00_00_00_00_00_00_00_00
MIG: 18:34:58 :  Invalid Param: DDR3_ADDR_MAP ==> 192'h000_000_000_002_004_009_007_001_005_006_003_010_012_014_011_01A
MIG: 18:34:58 :  Invalid Param: DDR3_BANK_MAP ==> 36'h01B_017_013
MIG: 18:34:58 :  Invalid Param: DDR3_CAS_MAP ==> 12'h015
MIG: 18:34:58 :  Invalid Param: DDR3_CKE_ODT_BYTE_MAP ==> 8'h00
MIG: 18:34:58 :  Invalid Param: DDR3_CKE_MAP ==> 96'h000_000_000_000_000_000_000_019
MIG: 18:34:58 :  Invalid Param: DDR3_ODT_MAP ==> 96'h000_000_000_000_000_000_000_008
MIG: 18:34:58 :  Invalid Param: DDR3_CS_MAP ==> 120'h000_000_000_000_000_000_000_000_000_00B
MIG: 18:34:58 :  Invalid Param: DDR3_PARITY_MAP ==> 12'h000
MIG: 18:34:58 :  Invalid Param: DDR3_RAS_MAP ==> 12'h016
MIG: 18:34:58 :  Invalid Param: DDR3_WE_MAP ==> 12'h018
MIG: 18:34:58 :  Invalid Param: DDR3_DQS_BYTE_MAP ==> 144'h00_00_00_00_00_00_00_00_00_00_00_00_00_00_00_00_02_03
MIG: 18:34:58 :  Invalid Param: DDR3_DATA0_MAP ==> 96'h034_032_038_035_031_037_036_033
MIG: 18:34:58 :  Invalid Param: DDR3_DATA1_MAP ==> 96'h023_026_022_028_025_027_021_024
MIG: 18:34:58 :  Invalid Param: DDR3_DATA2_MAP ==> 96'h000_000_000_000_000_000_000_000
MIG: 18:34:58 :  Invalid Param: DDR3_DATA3_MAP ==> 96'h000_000_000_000_000_000_000_000
MIG: 18:34:58 :  Invalid Param: DDR3_DATA4_MAP ==> 96'h000_000_000_000_000_000_000_000
MIG: 18:34:58 :  Invalid Param: DDR3_DATA5_MAP ==> 96'h000_000_000_000_000_000_000_000
MIG: 18:34:58 :  Invalid Param: DDR3_DATA6_MAP ==> 96'h000_000_000_000_000_000_000_000
MIG: 18:34:58 :  Invalid Param: DDR3_DATA7_MAP ==> 96'h000_000_000_000_000_000_000_000
MIG: 18:34:58 :  Invalid Param: DDR3_DATA8_MAP ==> 96'h000_000_000_000_000_000_000_000
MIG: 18:34:58 :  Invalid Param: DDR3_DATA9_MAP ==> 96'h000_000_000_000_000_000_000_000
MIG: 18:34:58 :  Invalid Param: DDR3_DATA10_MAP ==> 96'h000_000_000_000_000_000_000_000
MIG: 18:34:58 :  Invalid Param: DDR3_DATA11_MAP ==> 96'h000_000_000_000_000_000_000_000
MIG: 18:34:58 :  Invalid Param: DDR3_DATA12_MAP ==> 96'h000_000_000_000_000_000_000_000
MIG: 18:34:58 :  Invalid Param: DDR3_DATA13_MAP ==> 96'h000_000_000_000_000_000_000_000
MIG: 18:34:58 :  Invalid Param: DDR3_DATA14_MAP ==> 96'h000_000_000_000_000_000_000_000
MIG: 18:34:58 :  Invalid Param: DDR3_DATA15_MAP ==> 96'h000_000_000_000_000_000_000_000
MIG: 18:34:58 :  Invalid Param: DDR3_DATA16_MAP ==> 96'h000_000_000_000_000_000_000_000
MIG: 18:34:58 :  Invalid Param: DDR3_DATA17_MAP ==> 96'h000_000_000_000_000_000_000_000
MIG: 18:34:58 :  Invalid Param: DDR3_MASK0_MAP ==> 108'h000_000_000_000_000_000_000_029_039
MIG: 18:34:58 :  Invalid Param: DDR3_MASK1_MAP ==> 108'h000_000_000_000_000_000_000_000_000
MIG: 18:34:58 :  Invalid Param: DDR3_SLOT_0_CONFIG ==> 8'b0000_0001
MIG: 18:34:58 :  Invalid Param: DDR3_SLOT_1_CONFIG ==> 8'b0000_0000
MIG: 18:34:58 :  Invalid Param: DDR3_IBUF_LPWR_MODE ==> "OFF"
MIG: 18:34:58 :  Invalid Param: DDR3_DATA_IO_IDLE_PWRDWN ==> "ON"
MIG: 18:34:58 :  Invalid Param: DDR3_BANK_TYPE ==> "HR_IO"
MIG: 18:34:58 :  Invalid Param: DDR3_DATA_IO_PRIM_TYPE ==> "HR_LP"
MIG: 18:34:58 :  Invalid Param: DDR3_CKE_ODT_AUX ==> "FALSE"
MIG: 18:34:58 :  Invalid Param: DDR3_USER_REFRESH ==> "OFF"
MIG: 18:34:58 :  Invalid Param: DDR3_WRLVL ==> "ON"
MIG: 18:34:58 :  Invalid Param: DDR3_ORDERING ==> "STRICT"
MIG: 18:34:58 :  Invalid Param: DDR3_CALIB_ROW_ADD ==> 16'h0000
MIG: 18:34:58 :  Invalid Param: DDR3_CALIB_COL_ADD ==> 12'h000
MIG: 18:34:58 :  Invalid Param: DDR3_CALIB_BA_ADD ==> 3'h0
MIG: 18:34:58 :  Invalid Param: DDR3_TCQ ==> 100
MIG: 18:34:58 :  Invalid Param: DDR3_IDELAY_ADJ ==> "OFF"
MIG: 18:34:58 :  Invalid Param: DDR3_FINE_PER_BIT ==> "OFF"
MIG: 18:34:58 :  Invalid Param: DDR3_CENTER_COMP_MODE ==> "OFF"
MIG: 18:34:58 :  Invalid Param: DDR3_PI_VAL_ADJ ==> "OFF"
MIG: 18:34:58 :  Invalid Param: DDR3_IODELAY_GRP0 ==> "MIG_7SERIES_0_IODELAY_MIG0"
MIG: 18:34:58 :  Invalid Param: DDR3_IODELAY_GRP1 ==> "MIG_7SERIES_0_IODELAY_MIG1"
MIG: 18:34:58 :  Invalid Param: DDR3_SYSCLK_TYPE ==> "NO_BUFFER"
MIG: 18:34:58 :  Invalid Param: DDR3_REFCLK_TYPE ==> "USE_SYSTEM_CLOCK"
MIG: 18:34:58 :  Invalid Param: DDR3_SYS_RST_PORT ==> "FALSE"
MIG: 18:34:58 :  Invalid Param: DDR3_FPGA_SPEED_GRADE ==> 1
MIG: 18:34:58 :  Invalid Param: DDR3_CMD_PIPE_PLUS1 ==> "ON"
MIG: 18:34:58 :  Invalid Param: DDR3_DRAM_TYPE ==> "DDR3"
MIG: 18:34:58 :  Invalid Param: DDR3_CAL_WIDTH ==> "HALF"
MIG: 18:34:58 :  Invalid Param: DDR3_STARVE_LIMIT ==> 2
MIG: 18:34:58 :  Invalid Param: DDR3_REF_CLK_MMCM_IODELAY_CTRL ==> "FALSE"
MIG: 18:34:58 :  Invalid Param: DDR3_REFCLK_FREQ ==> 200.0
MIG: 18:34:58 :  Invalid Param: DDR3_DIFF_TERM_REFCLK ==> "TRUE"
MIG: 18:34:58 :  Invalid Param: DDR3_tCK ==> 3077
MIG: 18:34:58 : 
MIG: 18:34:58 :  Valid Param: DDR3_nCK_PER_CLK ==> 4
MIG: 18:34:58 :  Invalid Param: DDR3_DIFF_TERM_SYSCLK ==> "TRUE"
MIG: 18:34:58 : 
MIG: 18:34:58 :  Valid Param: UI_EXTRA_CLOCKS ==> FALSE
MIG: 18:34:58 : 
MIG: 18:34:58 :  Valid Param: C_S_AXI_ID_WIDTH ==> 4
MIG: 18:34:58 : 268435456
MIG: 18:34:58 :  Valid Param: C_S_AXI_MEM_SIZE ==> 268435456
MIG: 18:34:58 : 28
MIG: 18:34:58 :  Valid Param: C_S_AXI_ADDR_WIDTH ==> 28
MIG: 18:34:58 : 128
MIG: 18:34:58 :  Valid Param: C_S_AXI_DATA_WIDTH ==> 128
MIG: 18:34:58 :  Invalid Param: DDR3_C_MC_nCK_PER_CLK ==> 4
MIG: 18:34:58 :  Invalid Param: C_S_AXI_SUPPORTS_NARROW_BURST ==> 0
MIG: 18:34:58 :  Invalid Param: DDR3_C_RD_WR_ARB_ALGORITHM ==> "RD_PRI_REG"
MIG: 18:34:58 :  Invalid Param: C_S_AXI_REG_EN0 ==> 20'h00000
MIG: 18:34:58 :  Invalid Param: C_S_AXI_REG_EN1 ==> 20'h00000
MIG: 18:34:58 : 
MIG: 18:34:58 :  Valid Param: C_S_AXI_CTRL_ADDR_WIDTH ==> 32
MIG: 18:34:58 : 
MIG: 18:34:58 :  Valid Param: C_S_AXI_CTRL_DATA_WIDTH ==> 32
MIG: 18:34:58 :  Invalid Param: C_S_AXI_BASEADDR ==> 32'h0000_0000
MIG: 18:34:58 :  Invalid Param: C_ECC_ONOFF_RESET_VALUE ==> 1
MIG: 18:34:58 :  Invalid Param: C_ECC_CE_COUNTER_WIDTH ==> 8
MIG: 18:34:58 : 
MIG: 18:34:58 :  Valid Param: DDR3_DEBUG_PORT ==> OFF
MIG: 18:34:58 : 
MIG: 18:34:58 :  Invalid Param: DDR3_TEMP_MON_CONTROL ==> "EXTERNAL"
MIG: 18:34:58 :  Invalid Param: DDR3_FPGA_VOLT_TYPE ==> "N"
MIG: 18:34:58 :  Invalid Param: DDR3_RST_ACT_LOW ==> 1
MIG: 18:34:58 : 
MIG: 18:34:58 : 
MIG: 18:34:58 : 
MIG: 18:34:58 : Same Interface
MIG: 18:35:05 : Running synthesis.xit
MIG: 18:35:05 : IGN:     <ModuleName>mig_7series_0</ModuleName> <==>     <ModuleName>mig_7series_0</ModuleName> 
MIG: 18:35:05 : IGN:         <InputClkFreq>199.995</InputClkFreq> <==>         <InputClkFreq>199.995</InputClkFreq> 
MIG: 18:35:05 : Running vlog_synth_rpr.xit
MIG: 18:35:05 : IGN:     <ModuleName>mig_7series_0</ModuleName> <==>     <ModuleName>mig_7series_0</ModuleName> 
MIG: 18:35:05 : IGN:         <InputClkFreq>199.995</InputClkFreq> <==>         <InputClkFreq>199.995</InputClkFreq> 
MIG: 18:35:05 : Running simulation.xit
MIG: 18:35:05 : IGN:     <ModuleName>mig_7series_0</ModuleName> <==>     <ModuleName>mig_7series_0</ModuleName> 
MIG: 18:35:05 : IGN:         <InputClkFreq>199.995</InputClkFreq> <==>         <InputClkFreq>199.995</InputClkFreq> 
MIG: 18:35:06 : Running vlog_sim_rpr.xit .. PRASAD DBG1
MIG: 18:35:06 : IGN:     <ModuleName>mig_7series_0</ModuleName> <==>     <ModuleName>mig_7series_0</ModuleName> 
MIG: 18:35:06 : IGN:         <InputClkFreq>199.995</InputClkFreq> <==>         <InputClkFreq>199.995</InputClkFreq> 
MIG: 18:35:06 : Running implementation.xit
MIG: 18:35:06 : IGN:     <ModuleName>mig_7series_0</ModuleName> <==>     <ModuleName>mig_7series_0</ModuleName> 
MIG: 18:35:06 : IGN:         <InputClkFreq>199.995</InputClkFreq> <==>         <InputClkFreq>199.995</InputClkFreq> 
MIG: 18:39:04 : Running synthesis.xit
MIG: 18:39:04 : ################# RUNNING MIG BATCH ###################
MIG: 18:39:04 : Writing IN file for 'mig_7series_0'...compDirPath: /opt/Xilinx/Vivado/2017.2/data/ip/xilinx/mig_7series_v4_0... instDirPath: /home/miura/RISCV/MikuRV/Vivado-proj/ArtyA7/v0.4.3x/v0.4.3x.srcs/sources_1/ip/mig_7series_0
MIG: 18:39:04 : synp_flow:  -- synthesis_mode: Other
MIG: 18:39:04 : outputDirectory: /home/miura/RISCV/MikuRV/Vivado-proj/ArtyA7/v0.4.3x/v0.4.3x.srcs/sources_1/ip/mig_7series_0/_tmp/
MIG: 18:39:04 : vivado_mode: xpg_pa
MIG: 18:39:04 :  locked false  
MIG: 18:39:04 : HDL Language: Verilog
MIG: 18:39:04 : compInfo: false
MIG: 18:39:04 : Vivado Options xc7a35ti csg324 -1l
MIG: 18:39:04 : 1: xc7a35ti 2: csg324 3: -1l
MIG: 18:39:04 : relative mig path: coregen/ip/xilinx/other/com/xilinx/ip/mig_7series_v4_0/bin/lin64/mig
MIG: 18:39:04 : xilinx_path: /opt/Xilinx/Vivado/2017.2/ids_lite/ISE
MIG: 18:39:04 : I am in catch area
MIG: 18:39:04 : Running /opt/Xilinx/Vivado/2017.2/ids_lite/ISE/coregen/ip/xilinx/other/com/xilinx/ip/mig_7series_v4_0/bin/lin64/mig -cg_exc_inp /home/miura/RISCV/MikuRV/Vivado-proj/ArtyA7/v0.4.3x/v0.4.3x.srcs/sources_1/ip/mig_7series_0/xil_txt.in -cg_exc_out /home/miura/RISCV/MikuRV/Vivado-proj/ArtyA7/v0.4.3x/v0.4.3x.srcs/sources_1/ip/mig_7series_0/xil_txt.out ... 
MIG: 18:39:14 : XML_INPUT_FILE: /home/miura/RISCV/MikuRV/Vivado-proj/ArtyA7/v0.4.3x/v0.4.3x.srcs/sources_1/ip/mig_7series_0/mig_b.prj
MIG: 18:39:14 : Component_Name: mig_7series_0
MIG: 18:39:14 : Moving mig_7series_0.veo ...
MIG: 18:39:14 : Moving mig_7series_0 ...
MIG: 18:39:14 : Moving mig_7series_0_xmdf.tcl ...
MIG: 18:39:14 : Running vlog_synth_rpr.xit
MIG: 18:39:14 : IGN:     <ModuleName>mig_7series_0</ModuleName> <==>     <ModuleName>mig_7series_0</ModuleName> 
MIG: 18:39:14 : IGN:         <InputClkFreq>199.995</InputClkFreq> <==>         <InputClkFreq>199.995</InputClkFreq> 
MIG: 18:39:14 : Running implementation.xit
MIG: 18:39:14 : IGN:     <ModuleName>mig_7series_0</ModuleName> <==>     <ModuleName>mig_7series_0</ModuleName> 
MIG: 18:39:14 : IGN:         <InputClkFreq>199.995</InputClkFreq> <==>         <InputClkFreq>199.995</InputClkFreq> 
MIG: 18:42:27 : Running customizer.xit
MIG: 18:42:27 : ################# RUNNING MIG INTERACTIVE ###################
MIG: 18:42:27 : Writing IN file for 'mig_7series_0'...compDirPath: /opt/Xilinx/Vivado/2017.2/data/ip/xilinx/mig_7series_v4_0... instDirPath: /home/miura/.Xil/Vivado-28860-ffx/coregen/mig_7series_0
MIG: 18:42:27 : synp_flow:  -- synthesis_mode: Other
MIG: 18:42:27 : outputDirectory: /home/miura/.Xil/Vivado-28860-ffx/coregen/mig_7series_0/_tmp/
MIG: 18:42:27 : vivado_mode: xpg_pa
MIG: 18:42:27 :  locked false  
MIG: 18:42:27 : HDL Language: Verilog
MIG: 18:42:27 : compInfo: false
MIG: 18:42:27 : Vivado Options xc7a35ti csg324 -1l
MIG: 18:42:27 : 1: xc7a35ti 2: csg324 3: -1l
MIG: 18:42:27 : relative mig path: coregen/ip/xilinx/other/com/xilinx/ip/mig_7series_v4_0/bin/lin64/mig
MIG: 18:42:27 : xilinx_path: /opt/Xilinx/Vivado/2017.2/ids_lite/ISE
MIG: 18:42:27 : I am in catch area
MIG: 18:42:27 : Running /opt/Xilinx/Vivado/2017.2/ids_lite/ISE/coregen/ip/xilinx/other/com/xilinx/ip/mig_7series_v4_0/bin/lin64/mig -cg_exc_inp /home/miura/.Xil/Vivado-28860-ffx/coregen/mig_7series_0/xil_txt.in -cg_exc_out /home/miura/.Xil/Vivado-28860-ffx/coregen/mig_7series_0/xil_txt.out ... 
MIG: 18:46:37 : Prasad before: xmlPropertyPrj -- mig_b.prj
MIG: 18:46:37 : Prasad After: xmlPropertyPrj -- mig_a.prj
MIG: 18:46:37 : XML_INPUT_FILE: /home/miura/.Xil/Vivado-28860-ffx/coregen/mig_7series_0/mig_a.prj
MIG: 18:46:37 : Component_Name: mig_7series_0
MIG: 18:46:37 : Moving mig_7series_0.veo ...
MIG: 18:46:37 : Moving mig_7series_0 ...
MIG: 18:46:37 : Moving mig_7series_0_xmdf.tcl ...
MIG: 18:46:37 : Sending back 0
MIG: 18:46:41 : xml_input_file: mig_a.prj
MIG: 18:46:41 : Absolute path of xml_input_file: /home/miura/RISCV/MikuRV/Vivado-proj/ArtyA7/v0.4.3x/v0.4.3x.srcs/sources_1/ip/mig_7series_0/mig_a.prj
MIG: 18:46:41 : xml_input_file: mig_a.prj
MIG: 18:46:41 : Absolute path of xml_input_file: /home/miura/RISCV/MikuRV/Vivado-proj/ArtyA7/v0.4.3x/v0.4.3x.srcs/sources_1/ip/mig_7series_0/mig_a.prj
MIG: 18:46:41 : In updateAllModelParams
MIG: 18:46:41 : IGN:     <ModuleName>mig_7series_0</ModuleName> <==>     <ModuleName>mig_7series_0</ModuleName> 
MIG: 18:46:41 : IGN:         <InputClkFreq>166.666</InputClkFreq> <==>         <InputClkFreq>166.666</InputClkFreq> 
MIG: 18:46:41 : XGUI hdlLanguage: Verilog
MIG: 18:46:41 : xgui vivado_mode: xpg_pa
MIG: 18:46:41 : xgui hdlLanguage: Verilog -- hdlExt: v
MIG: 18:46:41 : Reading /home/miura/RISCV/MikuRV/Vivado-proj/ArtyA7/v0.4.3x/v0.4.3x.srcs/sources_1/ip/mig_7series_0/mig_7series_0/user_design/rtl/mig_7series_0_mig.v ...
MIG: 18:46:41 : 
MIG: 18:46:41 : Inside fn mem: DDR3
MIG: 18:46:41 : detect_uiclk: 83333333
MIG: 18:46:41 : cntrl:  memtype: DDR3
MIG: 18:46:41 : 666
MIG: 18:46:41 :  MMCM_VCO single ctrl param_name: MMCM_VCO --  possibleMaxVcoVal: 666 
MIG: 18:46:41 : 
MIG: 18:46:41 : 0
MIG: 18:46:41 : 83333333
MIG: 18:46:41 : 
MIG: 18:46:41 :  polarity_value: 1
MIG: 18:46:41 : 
MIG: 18:46:42 : 
MIG: 18:46:42 : cntrl:  memtype: DDR3
MIG: 18:46:42 : 
MIG: 18:46:42 :  Valid Param: DDR3_BANK_WIDTH ==> 3
MIG: 18:46:42 : 
MIG: 18:46:42 :  Valid Param: DDR3_CK_WIDTH ==> 1
MIG: 18:46:42 :  Invalid Param: DDR3_COL_WIDTH ==> 10
MIG: 18:46:42 : 
MIG: 18:46:42 :  Valid Param: DDR3_CS_WIDTH ==> 1
MIG: 18:46:42 : 
MIG: 18:46:42 :  Valid Param: DDR3_nCS_PER_RANK ==> 1
MIG: 18:46:42 : 
MIG: 18:46:42 :  Valid Param: DDR3_CKE_WIDTH ==> 1
MIG: 18:46:42 :  Invalid Param: DDR3_DATA_BUF_ADDR_WIDTH ==> 5
MIG: 18:46:42 :  Invalid Param: DDR3_DQ_CNT_WIDTH ==> 4
MIG: 18:46:42 :  Invalid Param: DDR3_DQ_PER_DM ==> 8
MIG: 18:46:42 : 
MIG: 18:46:42 :  Valid Param: DDR3_DM_WIDTH ==> 2
MIG: 18:46:42 : 
MIG: 18:46:42 :  Valid Param: DDR3_DQ_WIDTH ==> 16
MIG: 18:46:42 : 
MIG: 18:46:42 :  Valid Param: DDR3_DQS_WIDTH ==> 2
MIG: 18:46:42 : 
MIG: 18:46:42 :  Valid Param: DDR3_DQS_CNT_WIDTH ==> 1
MIG: 18:46:42 :  Invalid Param: DDR3_DRAM_WIDTH ==> 8
MIG: 18:46:42 : 
MIG: 18:46:42 :  Valid Param: ECC ==> OFF
MIG: 18:46:42 : 
MIG: 18:46:42 :  Valid Param: DDR3_DATA_WIDTH ==> 16
MIG: 18:46:42 :  Invalid Param: ECC_TEST ==> "OFF"
MIG: 18:46:42 :  Invalid Param: DDR3_PAYLOAD_WIDTH ==> (ECC_TEST == "OFF") ? DATA_WIDTH : DQ_WIDTH
MIG: 18:46:42 :  Invalid Param: DDR3_MEM_ADDR_ORDER ==> "BANK_ROW_COLUMN"
MIG: 18:46:42 :  Invalid Param: DDR3_nBANK_MACHS ==> 4
MIG: 18:46:42 :  Invalid Param: DDR3_RANKS ==> 1
MIG: 18:46:42 : 
MIG: 18:46:42 :  Valid Param: DDR3_ODT_WIDTH ==> 1
MIG: 18:46:42 : 
MIG: 18:46:42 :  Valid Param: DDR3_ROW_WIDTH ==> 14
MIG: 18:46:42 : 
MIG: 18:46:42 :  Valid Param: DDR3_ADDR_WIDTH ==> 28
MIG: 18:46:42 : 
MIG: 18:46:42 :  Valid Param: DDR3_USE_CS_PORT ==> 1
MIG: 18:46:42 : 
MIG: 18:46:42 :  Valid Param: DDR3_USE_DM_PORT ==> 1
MIG: 18:46:42 : 
MIG: 18:46:42 :  Valid Param: DDR3_USE_ODT_PORT ==> 1
MIG: 18:46:42 :  Invalid Param: DDR3_IS_CLK_SHARED ==> "FALSE"
MIG: 18:46:42 :  Invalid Param: DDR3_PHY_CONTROL_MASTER_BANK ==> 0
MIG: 18:46:42 :  Invalid Param: DDR3_MEM_DENSITY ==> "2Gb"
MIG: 18:46:42 :  Invalid Param: DDR3_MEM_SPEEDGRADE ==> "15E"
MIG: 18:46:42 :  Invalid Param: DDR3_MEM_DEVICE_WIDTH ==> 16
MIG: 18:46:42 :  Invalid Param: DDR3_AL ==> "0"
MIG: 18:46:42 :  Invalid Param: DDR3_nAL ==> 0
MIG: 18:46:42 :  Invalid Param: DDR3_BURST_MODE ==> "8"
MIG: 18:46:42 :  Invalid Param: DDR3_BURST_TYPE ==> "SEQ"
MIG: 18:46:42 :  Invalid Param: DDR3_CL ==> 5
MIG: 18:46:42 :  Invalid Param: DDR3_CWL ==> 5
MIG: 18:46:42 :  Invalid Param: DDR3_OUTPUT_DRV ==> "LOW"
MIG: 18:46:42 :  Invalid Param: DDR3_RTT_NOM ==> "40"
MIG: 18:46:42 :  Invalid Param: DDR3_RTT_WR ==> "OFF"
MIG: 18:46:42 :  Invalid Param: DDR3_ADDR_CMD_MODE ==> "1T"
MIG: 18:46:42 : 
MIG: 18:46:42 :  Valid Param: DDR3_REG_CTRL ==> OFF
MIG: 18:46:42 :  Invalid Param: DDR3_CA_MIRROR ==> "OFF"
MIG: 18:46:42 :  Invalid Param: DDR3_VDD_OP_VOLT ==> "135"
MIG: 18:46:42 :  Invalid Param: DDR3_CLKIN_PERIOD ==> 6000
MIG: 18:46:42 :  Invalid Param: DDR3_CLKFBOUT_MULT ==> 8
MIG: 18:46:42 :  Invalid Param: DDR3_DIVCLK_DIVIDE ==> 1
MIG: 18:46:42 :  Invalid Param: DDR3_CLKOUT0_PHASE ==> 0.0
MIG: 18:46:42 :  Invalid Param: DDR3_CLKOUT0_DIVIDE ==> 2
MIG: 18:46:42 :  Invalid Param: DDR3_CLKOUT1_DIVIDE ==> 4
MIG: 18:46:42 :  Invalid Param: DDR3_CLKOUT2_DIVIDE ==> 64
MIG: 18:46:42 :  Invalid Param: DDR3_CLKOUT3_DIVIDE ==> 16
MIG: 18:46:42 :  Invalid Param: DDR3_MMCM_VCO ==> 666
MIG: 18:46:42 :  Invalid Param: DDR3_MMCM_MULT_F ==> 8
MIG: 18:46:42 :  Invalid Param: DDR3_MMCM_DIVCLK_DIVIDE ==> 1
MIG: 18:46:42 :  Invalid Param: DDR3_tCKE ==> 5625
MIG: 18:46:42 :  Invalid Param: DDR3_tFAW ==> 45000
MIG: 18:46:42 :  Invalid Param: DDR3_tPRDI ==> 1_000_000
MIG: 18:46:42 :  Invalid Param: DDR3_tRAS ==> 36000
MIG: 18:46:42 :  Invalid Param: DDR3_tRCD ==> 13500
MIG: 18:46:42 :  Invalid Param: DDR3_tREFI ==> 7800000
MIG: 18:46:42 :  Invalid Param: DDR3_tRFC ==> 160000
MIG: 18:46:42 :  Invalid Param: DDR3_tRP ==> 13500
MIG: 18:46:42 :  Invalid Param: DDR3_tRRD ==> 7500
MIG: 18:46:42 :  Invalid Param: DDR3_tRTP ==> 7500
MIG: 18:46:42 :  Invalid Param: DDR3_tWTR ==> 7500
MIG: 18:46:42 :  Invalid Param: DDR3_tZQI ==> 128_000_000
MIG: 18:46:42 :  Invalid Param: DDR3_tZQCS ==> 64
MIG: 18:46:42 :  Invalid Param: DDR3_SIM_BYPASS_INIT_CAL ==> "OFF"
MIG: 18:46:42 :  Invalid Param: DDR3_SIMULATION ==> "FALSE"
MIG: 18:46:42 :  Invalid Param: DDR3_BYTE_LANES_B0 ==> 4'b1111
MIG: 18:46:42 :  Invalid Param: DDR3_BYTE_LANES_B1 ==> 4'b0000
MIG: 18:46:42 :  Invalid Param: DDR3_BYTE_LANES_B2 ==> 4'b0000
MIG: 18:46:42 :  Invalid Param: DDR3_BYTE_LANES_B3 ==> 4'b0000
MIG: 18:46:42 :  Invalid Param: DDR3_BYTE_LANES_B4 ==> 4'b0000
MIG: 18:46:42 :  Invalid Param: DDR3_DATA_CTL_B0 ==> 4'b1100
MIG: 18:46:42 :  Invalid Param: DDR3_DATA_CTL_B1 ==> 4'b0000
MIG: 18:46:42 :  Invalid Param: DDR3_DATA_CTL_B2 ==> 4'b0000
MIG: 18:46:42 :  Invalid Param: DDR3_DATA_CTL_B3 ==> 4'b0000
MIG: 18:46:42 :  Invalid Param: DDR3_DATA_CTL_B4 ==> 4'b0000
MIG: 18:46:42 :  Invalid Param: DDR3_PHY_0_BITLANES ==> 48'h3FE_3FE_FFF_BFF
MIG: 18:46:42 :  Invalid Param: DDR3_PHY_1_BITLANES ==> 48'h000_000_000_000
MIG: 18:46:42 :  Invalid Param: DDR3_PHY_2_BITLANES ==> 48'h000_000_000_000
MIG: 18:46:42 :  Invalid Param: DDR3_CK_BYTE_MAP ==> 144'h00_00_00_00_00_00_00_00_00_00_00_00_00_00_00_00_00_00
MIG: 18:46:42 :  Invalid Param: DDR3_ADDR_MAP ==> 192'h000_000_000_002_004_009_007_001_005_006_003_010_012_014_011_01A
MIG: 18:46:42 :  Invalid Param: DDR3_BANK_MAP ==> 36'h01B_017_013
MIG: 18:46:42 :  Invalid Param: DDR3_CAS_MAP ==> 12'h015
MIG: 18:46:42 :  Invalid Param: DDR3_CKE_ODT_BYTE_MAP ==> 8'h00
MIG: 18:46:42 :  Invalid Param: DDR3_CKE_MAP ==> 96'h000_000_000_000_000_000_000_019
MIG: 18:46:42 :  Invalid Param: DDR3_ODT_MAP ==> 96'h000_000_000_000_000_000_000_008
MIG: 18:46:42 :  Invalid Param: DDR3_CS_MAP ==> 120'h000_000_000_000_000_000_000_000_000_00B
MIG: 18:46:42 :  Invalid Param: DDR3_PARITY_MAP ==> 12'h000
MIG: 18:46:42 :  Invalid Param: DDR3_RAS_MAP ==> 12'h016
MIG: 18:46:42 :  Invalid Param: DDR3_WE_MAP ==> 12'h018
MIG: 18:46:42 :  Invalid Param: DDR3_DQS_BYTE_MAP ==> 144'h00_00_00_00_00_00_00_00_00_00_00_00_00_00_00_00_02_03
MIG: 18:46:42 :  Invalid Param: DDR3_DATA0_MAP ==> 96'h034_032_038_035_031_037_036_033
MIG: 18:46:42 :  Invalid Param: DDR3_DATA1_MAP ==> 96'h023_026_022_028_025_027_021_024
MIG: 18:46:42 :  Invalid Param: DDR3_DATA2_MAP ==> 96'h000_000_000_000_000_000_000_000
MIG: 18:46:42 :  Invalid Param: DDR3_DATA3_MAP ==> 96'h000_000_000_000_000_000_000_000
MIG: 18:46:42 :  Invalid Param: DDR3_DATA4_MAP ==> 96'h000_000_000_000_000_000_000_000
MIG: 18:46:42 :  Invalid Param: DDR3_DATA5_MAP ==> 96'h000_000_000_000_000_000_000_000
MIG: 18:46:42 :  Invalid Param: DDR3_DATA6_MAP ==> 96'h000_000_000_000_000_000_000_000
MIG: 18:46:42 :  Invalid Param: DDR3_DATA7_MAP ==> 96'h000_000_000_000_000_000_000_000
MIG: 18:46:42 :  Invalid Param: DDR3_DATA8_MAP ==> 96'h000_000_000_000_000_000_000_000
MIG: 18:46:42 :  Invalid Param: DDR3_DATA9_MAP ==> 96'h000_000_000_000_000_000_000_000
MIG: 18:46:42 :  Invalid Param: DDR3_DATA10_MAP ==> 96'h000_000_000_000_000_000_000_000
MIG: 18:46:42 :  Invalid Param: DDR3_DATA11_MAP ==> 96'h000_000_000_000_000_000_000_000
MIG: 18:46:42 :  Invalid Param: DDR3_DATA12_MAP ==> 96'h000_000_000_000_000_000_000_000
MIG: 18:46:42 :  Invalid Param: DDR3_DATA13_MAP ==> 96'h000_000_000_000_000_000_000_000
MIG: 18:46:42 :  Invalid Param: DDR3_DATA14_MAP ==> 96'h000_000_000_000_000_000_000_000
MIG: 18:46:42 :  Invalid Param: DDR3_DATA15_MAP ==> 96'h000_000_000_000_000_000_000_000
MIG: 18:46:42 :  Invalid Param: DDR3_DATA16_MAP ==> 96'h000_000_000_000_000_000_000_000
MIG: 18:46:42 :  Invalid Param: DDR3_DATA17_MAP ==> 96'h000_000_000_000_000_000_000_000
MIG: 18:46:42 :  Invalid Param: DDR3_MASK0_MAP ==> 108'h000_000_000_000_000_000_000_029_039
MIG: 18:46:42 :  Invalid Param: DDR3_MASK1_MAP ==> 108'h000_000_000_000_000_000_000_000_000
MIG: 18:46:42 :  Invalid Param: DDR3_SLOT_0_CONFIG ==> 8'b0000_0001
MIG: 18:46:42 :  Invalid Param: DDR3_SLOT_1_CONFIG ==> 8'b0000_0000
MIG: 18:46:42 :  Invalid Param: DDR3_IBUF_LPWR_MODE ==> "OFF"
MIG: 18:46:42 :  Invalid Param: DDR3_DATA_IO_IDLE_PWRDWN ==> "ON"
MIG: 18:46:42 :  Invalid Param: DDR3_BANK_TYPE ==> "HR_IO"
MIG: 18:46:42 :  Invalid Param: DDR3_DATA_IO_PRIM_TYPE ==> "HR_LP"
MIG: 18:46:42 :  Invalid Param: DDR3_CKE_ODT_AUX ==> "FALSE"
MIG: 18:46:42 :  Invalid Param: DDR3_USER_REFRESH ==> "OFF"
MIG: 18:46:42 :  Invalid Param: DDR3_WRLVL ==> "ON"
MIG: 18:46:42 :  Invalid Param: DDR3_ORDERING ==> "STRICT"
MIG: 18:46:42 :  Invalid Param: DDR3_CALIB_ROW_ADD ==> 16'h0000
MIG: 18:46:42 :  Invalid Param: DDR3_CALIB_COL_ADD ==> 12'h000
MIG: 18:46:42 :  Invalid Param: DDR3_CALIB_BA_ADD ==> 3'h0
MIG: 18:46:42 :  Invalid Param: DDR3_TCQ ==> 100
MIG: 18:46:42 :  Invalid Param: DDR3_IDELAY_ADJ ==> "OFF"
MIG: 18:46:42 :  Invalid Param: DDR3_FINE_PER_BIT ==> "OFF"
MIG: 18:46:42 :  Invalid Param: DDR3_CENTER_COMP_MODE ==> "OFF"
MIG: 18:46:42 :  Invalid Param: DDR3_PI_VAL_ADJ ==> "OFF"
MIG: 18:46:42 :  Invalid Param: DDR3_IODELAY_GRP0 ==> "MIG_7SERIES_0_IODELAY_MIG0"
MIG: 18:46:42 :  Invalid Param: DDR3_IODELAY_GRP1 ==> "MIG_7SERIES_0_IODELAY_MIG1"
MIG: 18:46:42 :  Invalid Param: DDR3_SYSCLK_TYPE ==> "NO_BUFFER"
MIG: 18:46:42 :  Invalid Param: DDR3_REFCLK_TYPE ==> "NO_BUFFER"
MIG: 18:46:42 :  Invalid Param: DDR3_SYS_RST_PORT ==> "FALSE"
MIG: 18:46:42 :  Invalid Param: DDR3_FPGA_SPEED_GRADE ==> 1
MIG: 18:46:42 :  Invalid Param: DDR3_CMD_PIPE_PLUS1 ==> "ON"
MIG: 18:46:42 :  Invalid Param: DDR3_DRAM_TYPE ==> "DDR3"
MIG: 18:46:42 :  Invalid Param: DDR3_CAL_WIDTH ==> "HALF"
MIG: 18:46:42 :  Invalid Param: DDR3_STARVE_LIMIT ==> 2
MIG: 18:46:42 :  Invalid Param: DDR3_REF_CLK_MMCM_IODELAY_CTRL ==> "FALSE"
MIG: 18:46:42 :  Invalid Param: DDR3_REFCLK_FREQ ==> 200.0
MIG: 18:46:42 :  Invalid Param: DDR3_DIFF_TERM_REFCLK ==> "TRUE"
MIG: 18:46:42 :  Invalid Param: DDR3_tCK ==> 3000
MIG: 18:46:42 : 
MIG: 18:46:42 :  Valid Param: DDR3_nCK_PER_CLK ==> 4
MIG: 18:46:42 :  Invalid Param: DDR3_DIFF_TERM_SYSCLK ==> "TRUE"
MIG: 18:46:42 : 
MIG: 18:46:42 :  Valid Param: DDR3_DEBUG_PORT ==> OFF
MIG: 18:46:42 : 
MIG: 18:46:42 :  Invalid Param: DDR3_TEMP_MON_CONTROL ==> "EXTERNAL"
MIG: 18:46:42 :  Invalid Param: DDR3_FPGA_VOLT_TYPE ==> "N"
MIG: 18:46:42 :  Invalid Param: DDR3_RST_ACT_LOW ==> 1
MIG: 18:46:42 : 
MIG: 18:46:42 : NOBUF
MIG: 18:46:42 : 
MIG: 18:46:42 : Same Interface
MIG: 18:46:47 : Running synthesis.xit
MIG: 18:46:47 : IGN:     <ModuleName>mig_7series_0</ModuleName> <==>     <ModuleName>mig_7series_0</ModuleName> 
MIG: 18:46:47 : IGN:         <InputClkFreq>166.666</InputClkFreq> <==>         <InputClkFreq>166.666</InputClkFreq> 
MIG: 18:46:47 : Running vlog_synth_rpr.xit
MIG: 18:46:47 : IGN:     <ModuleName>mig_7series_0</ModuleName> <==>     <ModuleName>mig_7series_0</ModuleName> 
MIG: 18:46:47 : IGN:         <InputClkFreq>166.666</InputClkFreq> <==>         <InputClkFreq>166.666</InputClkFreq> 
MIG: 18:46:47 : Running simulation.xit
MIG: 18:46:47 : IGN:     <ModuleName>mig_7series_0</ModuleName> <==>     <ModuleName>mig_7series_0</ModuleName> 
MIG: 18:46:47 : IGN:         <InputClkFreq>166.666</InputClkFreq> <==>         <InputClkFreq>166.666</InputClkFreq> 
MIG: 18:46:47 : Running vlog_sim_rpr.xit .. PRASAD DBG1
MIG: 18:46:47 : IGN:     <ModuleName>mig_7series_0</ModuleName> <==>     <ModuleName>mig_7series_0</ModuleName> 
MIG: 18:46:47 : IGN:         <InputClkFreq>166.666</InputClkFreq> <==>         <InputClkFreq>166.666</InputClkFreq> 
MIG: 18:46:48 : Running implementation.xit
MIG: 18:46:48 : IGN:     <ModuleName>mig_7series_0</ModuleName> <==>     <ModuleName>mig_7series_0</ModuleName> 
MIG: 18:46:48 : IGN:         <InputClkFreq>166.666</InputClkFreq> <==>         <InputClkFreq>166.666</InputClkFreq> 
